<?xml version="1.0" encoding="UTF-8"?>
<!-- Generated by org.testng.reporters.JUnitReportReporter -->
<testsuite skipped="0" hostname="DESKTOP-4SPMGIN" name="testCases.LoginPageTest" tests="1" failures="0" timestamp="04 May 2019 12:45:55 GMT" time="9.722" errors="0">
  <testcase name="Tata" time="9.722" classname="testCases.LoginPageTest"/>
</testsuite> <!-- testCases.LoginPageTest -->
