<?xml version="1.0" encoding="UTF-8"?>
<!-- Generated by org.testng.reporters.JUnitReportReporter -->
<testsuite skipped="0" hostname="DESKTOP-4SPMGIN" name="testCases.HomePageTest" tests="1" failures="0" timestamp="04 May 2019 12:45:55 GMT" time="4.966" errors="0">
  <testcase name="user_clicks_on_Financial_Analysis_link" time="4.966" classname="testCases.HomePageTest"/>
</testsuite> <!-- testCases.HomePageTest -->
