<?xml version="1.0" encoding="UTF-8"?>
<!-- Generated by org.testng.reporters.JUnitReportReporter -->
<testsuite skipped="0" hostname="DESKTOP-4SPMGIN" name="base.TestBase" tests="1" failures="0" timestamp="29 Apr 2019 10:58:16 GMT" time="9.348" errors="0">
  <testcase name="loginForSinglesUser" time="9.348" classname="base.TestBase"/>
</testsuite> <!-- base.TestBase -->
