<?xml version="1.0" encoding="UTF-8"?>
<!-- Generated by org.testng.reporters.JUnitReportReporter -->
<testsuite skipped="0" hostname="DESKTOP-4SPMGIN" name="testCases.ManageCompanyPageTest" tests="2" failures="0" timestamp="04 May 2019 15:37:05 GMT" time="27.663" errors="0">
  <testcase name="createNewCompany" time="15.082" classname="testCases.ManageCompanyPageTest"/>
  <testcase name="editCompany" time="12.581" classname="testCases.ManageCompanyPageTest"/>
</testsuite> <!-- testCases.ManageCompanyPageTest -->
